{
  "RSpec": {
    "coverage": {
      "C:/Users/prade/OneDrive/Documents/Project-2/app/models/user.rb": {
        "lines": [
          1,
          1,
          null,
          null,
          1,
          null,
          9,
          null,
          9,
          null,
          9,
          6,
          null,
          null,
          null,
          null,
          null,
          null,
          null,
          null,
          null,
          3,
          null,
          null,
          null,
          null,
          null,
          null,
          9,
          null,
          1,
          1,
          1,
          1,
          null,
          null
        ]
      },
      "C:/Users/prade/OneDrive/Documents/Project-2/app/models/application_record.rb": {
        "lines": [
          1,
          1,
          null
        ]
      },
      "C:/Users/prade/OneDrive/Documents/Project-2/app/helpers/application_helper.rb": {
        "lines": [
          1,
          null
        ]
      },
      "C:/Users/prade/OneDrive/Documents/Project-2/app/helpers/conversations_helper.rb": {
        "lines": [
          1,
          null
        ]
      },
      "C:/Users/prade/OneDrive/Documents/Project-2/app/helpers/expenses_helper.rb": {
        "lines": [
          1,
          1,
          7,
          null,
          7,
          null,
          3,
          6,
          3,
          null,
          null,
          1,
          3,
          null,
          null,
          1,
          null,
          1,
          3,
          3,
          null,
          3,
          null,
          null
        ]
      },
      "C:/Users/prade/OneDrive/Documents/Project-2/app/helpers/messages_helper.rb": {
        "lines": [
          1,
          null
        ]
      },
      "C:/Users/prade/OneDrive/Documents/Project-2/app/helpers/pages_helper.rb": {
        "lines": [
          1,
          null
        ]
      },
      "C:/Users/prade/OneDrive/Documents/Project-2/app/helpers/widget_summaries_helper.rb": {
        "lines": [
          1,
          null
        ]
      },
      "C:/Users/prade/OneDrive/Documents/Project-2/app/controllers/categories_controller.rb": {
        "lines": [
          1,
          1,
          1,
          null,
          null,
          1,
          2,
          2,
          1,
          null,
          1,
          null,
          null,
          null,
          1,
          null,
          1,
          2,
          null,
          null
        ]
      },
      "C:/Users/prade/OneDrive/Documents/Project-2/app/controllers/application_controller.rb": {
        "lines": [
          1,
          1,
          null,
          null,
          1,
          4,
          null,
          null,
          null,
          1,
          2,
          null,
          null
        ]
      },
      "C:/Users/prade/OneDrive/Documents/Project-2/app/controllers/conversations_controller.rb": {
        "lines": [
          1,
          1,
          null,
          1,
          null,
          2,
          null,
          null,
          null,
          null,
          2,
          2,
          1,
          1,
          null,
          null,
          null,
          1,
          2,
          null,
          null,
          null,
          2,
          1,
          1,
          null,
          null,
          1,
          1,
          1,
          null,
          1,
          1,
          null,
          null,
          null,
          null,
          1,
          6,
          6,
          null,
          6,
          2,
          2,
          null,
          null,
          4,
          1,
          1,
          null,
          null,
          3,
          3,
          null,
          null
        ]
      },
      "C:/Users/prade/OneDrive/Documents/Project-2/app/controllers/expenses_controller.rb": {
        "lines": [
          1,
          1,
          1,
          null,
          1,
          4,
          null,
          null,
          null,
          4,
          null,
          null,
          1,
          3,
          null,
          null,
          1,
          9,
          9,
          null,
          9,
          8,
          8,
          null,
          1,
          null,
          null,
          null,
          1,
          2,
          null,
          null,
          1,
          4,
          3,
          null,
          1,
          1,
          null,
          null,
          null,
          1,
          3,
          3,
          null,
          null,
          1,
          4,
          null,
          3,
          1,
          null,
          2,
          null,
          null,
          1,
          4,
          null,
          null,
          null,
          null,
          4,
          null,
          null,
          1,
          null,
          1,
          14,
          null,
          null,
          1,
          13,
          13,
          13,
          null,
          null,
          1,
          12,
          null,
          null,
          1,
          13,
          6,
          6,
          null,
          4,
          null,
          1,
          null,
          null,
          null
        ]
      },
      "C:/Users/prade/OneDrive/Documents/Project-2/app/controllers/groups_controller.rb": {
        "lines": [
          1,
          1,
          null,
          1,
          1,
          null,
          null,
          1,
          1,
          null,
          null,
          1,
          2,
          2,
          1,
          1,
          null,
          1,
          1,
          null,
          null,
          null,
          1,
          3,
          3,
          2,
          1,
          null,
          1,
          1,
          null,
          null,
          1,
          null,
          null,
          null,
          1,
          2,
          null,
          null,
          1,
          null,
          1,
          2,
          null,
          null
        ]
      },
      "C:/Users/prade/OneDrive/Documents/Project-2/app/controllers/messages_controller.rb": {
        "lines": [
          1,
          1,
          null,
          1,
          9,
          null,
          null,
          null,
          null,
          9,
          2,
          2,
          null,
          null,
          7,
          7,
          null,
          7,
          4,
          1,
          null,
          null,
          4,
          4,
          null,
          3,
          3,
          3,
          3,
          null,
          null,
          null,
          1,
          null,
          1,
          7,
          null,
          null
        ]
      },
      "C:/Users/prade/OneDrive/Documents/Project-2/app/controllers/pages_controller.rb": {
        "lines": [
          1,
          1,
          null,
          1,
          null,
          1,
          null,
          null,
          1,
          17,
          null,
          null,
          17,
          null,
          null,
          null,
          17,
          17,
          17,
          null,
          null,
          17,
          null,
          17,
          17,
          17,
          null,
          17,
          17,
          17,
          null,
          null,
          17,
          null,
          null,
          null,
          17,
          null,
          null,
          null,
          17,
          17,
          null,
          null,
          17,
          null,
          null,
          null,
          null,
          null,
          null,
          null,
          1,
          null,
          1,
          null,
          6,
          null,
          5,
          5,
          null,
          null,
          4,
          null,
          null,
          null,
          null,
          3,
          null,
          null,
          4,
          null,
          null,
          null,
          null,
          null,
          null,
          null,
          null,
          null,
          null,
          null,
          4,
          4,
          null,
          null,
          null,
          null,
          null,
          null,
          null,
          2,
          null,
          2,
          2,
          null,
          null,
          null
        ]
      },
      "C:/Users/prade/OneDrive/Documents/Project-2/app/services/imports/expenses_import.rb": {
        "lines": [
          1,
          null,
          1,
          1,
          1,
          1,
          null,
          1,
          8,
          null,
          null,
          1,
          10,
          10,
          10,
          10,
          null,
          null,
          1,
          8,
          null,
          8,
          18,
          3,
          3,
          3,
          null,
          3,
          3,
          3,
          null,
          null,
          2,
          2,
          null,
          null,
          null,
          null,
          null,
          null,
          null,
          1,
          null,
          1,
          1,
          null,
          null,
          3,
          null,
          null,
          1,
          null,
          1,
          10,
          10,
          null,
          10,
          8,
          null,
          4,
          null,
          null,
          null
        ]
      },
      "C:/Users/prade/OneDrive/Documents/Project-2/app/models/conversation.rb": {
        "lines": [
          1,
          null,
          1,
          1,
          null,
          1,
          null,
          1,
          1,
          1,
          null,
          1,
          1,
          1,
          null,
          null,
          null,
          1,
          10,
          7,
          7,
          7,
          null,
          6,
          null,
          null,
          1,
          1,
          null,
          null,
          1,
          9,
          2,
          null,
          null,
          null,
          1,
          null,
          1,
          27,
          null,
          null,
          null,
          1,
          9,
          9,
          null,
          null,
          1,
          1,
          null,
          null
        ]
      },
      "C:/Users/prade/OneDrive/Documents/Project-2/app/models/expense.rb": {
        "lines": [
          1,
          1,
          1,
          1,
          1,
          1,
          1,
          null,
          1,
          1,
          1,
          1,
          null,
          1,
          null,
          1,
          null,
          null,
          null,
          1,
          25,
          25,
          null,
          25,
          null,
          24,
          120,
          72,
          24,
          24,
          null,
          null,
          1,
          null,
          null,
          null,
          1,
          9,
          null,
          8,
          null,
          null,
          1,
          195,
          195,
          null,
          null,
          1,
          301,
          null,
          null,
          1,
          null,
          1,
          96,
          null,
          96,
          96,
          null,
          null,
          1,
          96,
          96,
          null,
          94,
          null,
          70,
          70,
          70,
          null,
          null,
          null,
          24,
          24,
          24,
          null,
          null,
          1,
          497,
          396,
          396,
          null,
          395,
          null,
          1,
          null,
          null,
          null,
          1,
          305,
          null,
          302,
          null,
          1,
          null,
          1,
          null,
          1,
          null,
          null,
          1,
          null,
          null,
          1,
          195,
          null,
          null,
          1,
          195,
          null,
          null,
          1,
          24,
          null,
          null
        ]
      },
      "C:/Users/prade/OneDrive/Documents/Project-2/app/models/group_membership.rb": {
        "lines": [
          1,
          1,
          1,
          null,
          1,
          null
        ]
      },
      "C:/Users/prade/OneDrive/Documents/Project-2/app/models/group.rb": {
        "lines": [
          1,
          1,
          1,
          1,
          null,
          1,
          null,
          1,
          1,
          null,
          1,
          3,
          2,
          null,
          null,
          1,
          null,
          1,
          62,
          null,
          null
        ]
      },
      "C:/Users/prade/OneDrive/Documents/Project-2/app/models/message.rb": {
        "lines": [
          1,
          1,
          1,
          null,
          1,
          1,
          null,
          1,
          null,
          2,
          null
        ]
      },
      "C:/Users/prade/OneDrive/Documents/Project-2/app/services/dashboard_ai_analyzer_service.rb": {
        "lines": [
          1,
          1,
          8,
          null,
          null,
          1,
          2,
          null,
          null,
          null,
          null,
          null,
          null,
          null,
          2,
          null,
          null,
          null,
          null,
          null,
          null,
          2,
          null,
          null,
          1,
          9,
          null,
          3,
          null,
          1,
          null,
          1,
          null,
          1,
          null,
          2,
          null,
          1,
          null,
          null,
          null,
          1,
          null,
          1,
          3,
          null,
          null,
          null,
          null,
          null,
          null,
          null,
          null,
          3,
          null,
          null,
          1,
          1,
          null,
          null,
          null,
          null,
          null,
          null,
          null,
          1,
          null,
          null,
          1,
          1,
          1,
          null,
          null,
          null,
          null,
          null,
          null,
          1,
          null,
          null,
          1,
          1,
          null,
          null,
          null,
          null,
          null,
          null,
          1,
          null,
          null,
          1,
          2,
          2,
          2,
          null,
          null,
          null,
          null,
          null,
          null,
          null,
          2,
          null,
          null
        ]
      },
      "C:/Users/prade/OneDrive/Documents/Project-2/app/services/dashboard_data_service.rb": {
        "lines": [
          1,
          null,
          1,
          1,
          null,
          1,
          4,
          4,
          4,
          null,
          null,
          1,
          4,
          4,
          null,
          4,
          null,
          null,
          null,
          null,
          null,
          null,
          null,
          null,
          null,
          null,
          null,
          1,
          null,
          1,
          4,
          null,
          4,
          4,
          4,
          null,
          4,
          null,
          null,
          1,
          4,
          4,
          null,
          4,
          null,
          null,
          null,
          null,
          4,
          97,
          null,
          null,
          null,
          1,
          null,
          4,
          null,
          null,
          null,
          4,
          null,
          null,
          null,
          null,
          null
        ]
      },
      "C:/Users/prade/OneDrive/Documents/Project-2/app/models/category.rb": {
        "lines": [
          1,
          1,
          1,
          104,
          null
        ]
      },
      "C:/Users/prade/OneDrive/Documents/Project-2/app/models/comment.rb": {
        "lines": [
          1,
          1,
          1,
          null,
          1,
          null
        ]
      },
      "C:/Users/prade/OneDrive/Documents/Project-2/app/models/message_expense.rb": {
        "lines": [
          1,
          1,
          1,
          null
        ]
      },
      "C:/Users/prade/OneDrive/Documents/Project-2/app/controllers/widget_summaries_controller.rb": {
        "lines": [
          1,
          null,
          null,
          null,
          1,
          1,
          null,
          1,
          1,
          null,
          null,
          1,
          null,
          null,
          1,
          1,
          null,
          null,
          1,
          null,
          null,
          1,
          1,
          null,
          null
        ]
      },
      "C:/Users/prade/OneDrive/Documents/Project-2/app/controllers/comments_controller.rb": {
        "lines": [
          1,
          1,
          1,
          null,
          1,
          2,
          null,
          2,
          1,
          null,
          1,
          null,
          null,
          null,
          1,
          null,
          1,
          2,
          null,
          null,
          1,
          2,
          null,
          null
        ]
      }
    },
    "timestamp": 1762126973
  }
}
